<?xml version="1.0" encoding="UTF-8"?>
<!-- Generated by org.testng.reporters.JUnitXMLReporter -->
<testsuite ignored="6" hostname="Techs-iMac.local.tld" failures="2" tests="26" name="All Functionalities" time="340.613" errors="0" timestamp="2022-06-11T14:42:24 CDT">
  <testcase classname="scripts._01_AppleTest" name="testAppleURL" time="2.626"/>
  <testcase classname="scripts._03_EtsyTest" name="testMainHeader" time="3.242">
    <failure type="java.lang.AssertionError" message="The expected text IS NOT displayed expected [Shop Home Sales!] but found [Father&amp;apos;s Day Gifts]">
      <![CDATA[java.lang.AssertionError: The expected text IS NOT displayed expected [Shop Home Sales!] but found [Father's Day Gifts]
at scripts._03_EtsyTest.testMainHeader(_03_EtsyTest.java:95)
at java.base/java.util.ArrayList.forEach(ArrayList.java:1511)
... Removed 32 stack frames]]>
    </failure>
  </testcase> <!-- testMainHeader -->
  <testcase classname="scripts._04_GoogleSearchTest" name="testGoogleStoreLink" time="3.414"/>
  <testcase classname="scripts._05_CheckBoxTest" name="testCheckBoxInHeroApp" time="9.208"/>
  <testcase classname="scripts._06_RadioButtonTest" name="testFacebookGenderRadioButtons" time="9.808"/>
  <testcase classname="scripts._07_DropdownTest" name="testUnsecurePasswordErrorMessage" time="7.612"/>
  <testcase classname="scripts._07_DropdownTest" name="testExpediaDropdowns" time="24.254">
    <failure type="org.openqa.selenium.NoSuchElementException" message="no such element: Unable to locate element: {&amp;quot;method&amp;quot;:&amp;quot;css selector&amp;quot;,&amp;quot;selector&amp;quot;:&amp;quot;#preferred\-class\-input\-trigger&amp;quot;}
  (Session info: chrome=102.0.5005.115)
For documentation on this error, please visit: https://www.seleniumhq.org/exceptions/no_such_element.html
Build info: version: &amp;apos;3.141.59&amp;apos;, revision: &amp;apos;e82be7d358&amp;apos;, time: &amp;apos;2018-11-14T08:17:03&amp;apos;
System info: host: &amp;apos;Techs-iMac.local.tld&amp;apos;, ip: &amp;apos;fe80:0:0:0:48e:d030:2e46:d3c5%en0&amp;apos;, os.name: &amp;apos;Mac OS X&amp;apos;, os.arch: &amp;apos;x86_64&amp;apos;, os.version: &amp;apos;12.3.1&amp;apos;, java.version: &amp;apos;18.0.1&amp;apos;
Driver info: org.openqa.selenium.chrome.ChromeDriver
Capabilities {acceptInsecureCerts: false, browserName: chrome, browserVersion: 102.0.5005.115, chrome: {chromedriverVersion: 102.0.5005.61 (0e59bcc00cc4..., userDataDir: /var/folders/26/lc__78p51lg...}, goog:chromeOptions: {debuggerAddress: localhost:62729}, javascriptEnabled: true, networkConnectionEnabled: false, pageLoadStrategy: normal, platform: MAC, platformName: MAC, proxy: Proxy(), setWindowRect: true, strictFileInteractability: false, timeouts: {implicit: 0, pageLoad: 300000, script: 30000}, unhandledPromptBehavior: dismiss and notify, webauthn:extension:credBlob: true, webauthn:extension:largeBlob: true, webauthn:virtualAuthenticators: true}
Session ID: 713997e1de55ea0e95355424adcb73f4
*** Element info: {Using=id, value=preferred-class-input-trigger}">
      <![CDATA[org.openqa.selenium.NoSuchElementException: no such element: Unable to locate element: {"method":"css selector","selector":"#preferred\-class\-input\-trigger"}
  (Session info: chrome=102.0.5005.115)
For documentation on this error, please visit: https://www.seleniumhq.org/exceptions/no_such_element.html
Build info: version: '3.141.59', revision: 'e82be7d358', time: '2018-11-14T08:17:03'
System info: host: 'Techs-iMac.local.tld', ip: 'fe80:0:0:0:48e:d030:2e46:d3c5%en0', os.name: 'Mac OS X', os.arch: 'x86_64', os.version: '12.3.1', java.version: '18.0.1'
Driver info: org.openqa.selenium.chrome.ChromeDriver
Capabilities {acceptInsecureCerts: false, browserName: chrome, browserVersion: 102.0.5005.115, chrome: {chromedriverVersion: 102.0.5005.61 (0e59bcc00cc4..., userDataDir: /var/folders/26/lc__78p51lg...}, goog:chromeOptions: {debuggerAddress: localhost:62729}, javascriptEnabled: true, networkConnectionEnabled: false, pageLoadStrategy: normal, platform: MAC, platformName: MAC, proxy: Proxy(), setWindowRect: true, strictFileInteractability: false, timeouts: {implicit: 0, pageLoad: 300000, script: 30000}, unhandledPromptBehavior: dismiss and notify, webauthn:extension:credBlob: true, webauthn:extension:largeBlob: true, webauthn:virtualAuthenticators: true}
Session ID: 713997e1de55ea0e95355424adcb73f4
*** Element info: {Using=id, value=preferred-class-input-trigger}
at org.openqa.selenium.remote.http.W3CHttpResponseCodec.createException(W3CHttpResponseCodec.java:187)
at org.openqa.selenium.remote.http.W3CHttpResponseCodec.decode(W3CHttpResponseCodec.java:122)
at org.openqa.selenium.remote.http.W3CHttpResponseCodec.decode(W3CHttpResponseCodec.java:49)
at org.openqa.selenium.remote.HttpCommandExecutor.execute(HttpCommandExecutor.java:158)
at org.openqa.selenium.remote.service.DriverCommandExecutor.execute(DriverCommandExecutor.java:83)
at org.openqa.selenium.remote.RemoteWebDriver.execute(RemoteWebDriver.java:552)
at org.openqa.selenium.remote.RemoteWebDriver.findElement(RemoteWebDriver.java:323)
at org.openqa.selenium.remote.RemoteWebDriver.findElementById(RemoteWebDriver.java:372)
at org.openqa.selenium.By$ById.findElement(By.java:188)
at org.openqa.selenium.remote.RemoteWebDriver.findElement(RemoteWebDriver.java:315)
at org.openqa.selenium.support.pagefactory.DefaultElementLocator.findElement(DefaultElementLocator.java:69)
at org.openqa.selenium.support.pagefactory.internal.LocatingElementHandler.invoke(LocatingElementHandler.java:38)
at jdk.proxy2/jdk.proxy2.$Proxy9.click(Unknown Source)
at scripts._07_DropdownTest.testExpediaDropdowns(_07_DropdownTest.java:82)
at java.base/java.util.ArrayList.forEach(ArrayList.java:1511)
... Removed 31 stack frames]]>
    </failure>
  </testcase> <!-- testExpediaDropdowns -->
  <testcase classname="scripts._07_DropdownTest" name="testEbayDropdown" time="0.0"/>
  <testcase classname="scripts._08_Alerts" name="testEtsySignInModal" time="4.843"/>
  <testcase classname="scripts._08_Alerts" name="testInformationWarningAlert" time="1.72"/>
  <testcase classname="scripts._08_Alerts" name="testConfirmationAlert" time="16.591"/>
  <testcase classname="scripts._08_Alerts" name="testPromptAlert" time="15.271"/>
  <testcase classname="scripts._08_Alerts" name="testAmazonAddressModal" time="16.611"/>
  <testcase classname="scripts._09_IFrames" name="testIFrame1" time="9.946"/>
  <testcase classname="scripts._09_IFrames" name="testIFrame2" time="1.979"/>
  <testcase classname="scripts._10_WindowHandles" name="testTechGlobalSchoolFaceBookIcon" time="2.494"/>
  <testcase classname="scripts._10_WindowHandles" name="testWindowHandle2" time="1.456"/>
  <testcase classname="scripts._11_FileUpload" name="testFileUpload1" time="9.299"/>
  <testcase classname="scripts._11_FileUpload" name="testFileDownload" time="3.093"/>
  <testcase classname="scripts._12_Actions_Class" name="moveToElementPractice1" time="5.144"/>
  <testcase classname="scripts._12_Actions_Class" name="moveToElementPractice2" time="13.143"/>
  <testcase classname="scripts._12_Actions_Class" name="clickOnElementPractice" time="3.546"/>
  <testcase classname="scripts._12_Actions_Class" name="rightClickPractice" time="1.502"/>
  <testcase classname="scripts._12_Actions_Class" name="clickHoldAndReleasePractice" time="2.782"/>
  <testcase classname="scripts._12_Actions_Class" name="sendKeysToAnElement" time="1.334"/>
  <testcase classname="scripts._12_Actions_Class" name="practiceKeyDownAndKeyUp" time="9.479"/>
  <testcase classname="scripts._04_GoogleSearchTest" name="testGoogleSearch" time="0.0">
    <ignored/>
  </testcase> <!-- testGoogleSearch -->
  <testcase classname="scripts._03_EtsyTest" name="testEtsySearchResult" time="0.0">
    <ignored/>
  </testcase> <!-- testEtsySearchResult -->
  <testcase classname="scripts._01_AppleTest" name="testAppleTitle" time="0.0">
    <ignored/>
  </testcase> <!-- testAppleTitle -->
  <testcase classname="scripts._03_EtsyTest" name="testEtsySearch" time="0.0">
    <ignored/>
  </testcase> <!-- testEtsySearch -->
  <testcase classname="scripts._01_AppleTest" name="X" time="0.0">
    <ignored/>
  </testcase> <!-- X -->
  <testcase classname="scripts._03_EtsyTest" name="testEtsyLogo" time="0.0">
    <ignored/>
  </testcase> <!-- testEtsyLogo -->
</testsuite> <!-- All Functionalities -->
