<?xml version="1.0" encoding="UTF-8"?>
<!-- Generated by org.testng.reporters.JUnitXMLReporter -->
<testsuite ignored="3" hostname="Techs-iMac.local.tld" failures="1" tests="1" name="Command line test" time="10.524" errors="0" timestamp="2022-05-28T15:42:36 CDT">
  <testcase classname="scripts._03_EtsyTest" name="testMainHeader" time="3.615">
    <failure type="java.lang.AssertionError" message="sdlkgjlsdkjglskdhgl expected [XXX] but found [Shop Home Sales!]">
      <![CDATA[java.lang.AssertionError: sdlkgjlsdkjglskdhgl expected [XXX] but found [Shop Home Sales!]
at scripts._03_EtsyTest.testMainHeader(_03_EtsyTest.java:99)
at java.base/java.util.ArrayList.forEach(ArrayList.java:1511)
... Removed 36 stack frames]]>
    </failure>
  </testcase> <!-- testMainHeader -->
  <testcase classname="scripts._03_EtsyTest" name="testEtsySearchResult" time="0.0">
    <ignored/>
  </testcase> <!-- testEtsySearchResult -->
  <testcase classname="scripts._03_EtsyTest" name="testEtsySearch" time="0.0">
    <ignored/>
  </testcase> <!-- testEtsySearch -->
  <testcase classname="scripts._03_EtsyTest" name="testEtsyLogo" time="0.0">
    <ignored/>
  </testcase> <!-- testEtsyLogo -->
</testsuite> <!-- Command line test -->
