<?xml version="1.0" encoding="UTF-8"?>
<testng-results ignored="6" total="32" passed="24" failed="2" skipped="0">
  <reporter-output>
  </reporter-output>
  <suite started-at="2022-06-11T14:36:43 CDT" name="Regression" finished-at="2022-06-11T14:42:23 CDT" duration-ms="340613">
    <groups>
    </groups>
    <test started-at="2022-06-11T14:36:43 CDT" name="All Functionalities" finished-at="2022-06-11T14:42:23 CDT" duration-ms="340613">
      <class name="scripts._03_EtsyTest">
        <test-method is-config="true" signature="setup()[pri:0, instance:scripts._03_EtsyTest@44f75083]" started-at="2022-06-11T14:36:55 CDT" name="setup" finished-at="2022-06-11T14:36:57 CDT" duration-ms="2501" status="PASS">
          <reporter-output>
          </reporter-output>
        </test-method> <!-- setup -->
        <test-method signature="testMainHeader()[pri:4, instance:scripts._03_EtsyTest@44f75083]" started-at="2022-06-11T14:36:57 CDT" name="testMainHeader" description="TC905: Validate Etsy main header" finished-at="2022-06-11T14:37:00 CDT" duration-ms="3242" status="FAIL">
          <exception class="java.lang.AssertionError">
            <message>
              <![CDATA[The expected text IS NOT displayed expected [Shop Home Sales!] but found [Father's Day Gifts]]]>
            </message>
            <full-stacktrace>
              <![CDATA[java.lang.AssertionError: The expected text IS NOT displayed expected [Shop Home Sales!] but found [Father's Day Gifts]
at org.testng.Assert.fail(Assert.java:97)
at org.testng.Assert.assertEqualsImpl(Assert.java:136)
at org.testng.Assert.assertEquals(Assert.java:118)
at org.testng.Assert.assertEquals(Assert.java:575)
at scripts._03_EtsyTest.testMainHeader(_03_EtsyTest.java:95)
at java.base/jdk.internal.reflect.DirectMethodHandleAccessor.invoke(DirectMethodHandleAccessor.java:104)
at java.base/java.lang.reflect.Method.invoke(Method.java:577)
at org.testng.internal.MethodInvocationHelper.invokeMethod(MethodInvocationHelper.java:134)
at org.testng.internal.TestInvoker.invokeMethod(TestInvoker.java:597)
at org.testng.internal.TestInvoker.invokeTestMethod(TestInvoker.java:173)
at org.testng.internal.MethodRunner.runInSequence(MethodRunner.java:46)
at org.testng.internal.TestInvoker$MethodInvocationAgent.invoke(TestInvoker.java:816)
at org.testng.internal.TestInvoker.invokeTestMethods(TestInvoker.java:146)
at org.testng.internal.TestMethodWorker.invokeTestMethods(TestMethodWorker.java:146)
at org.testng.internal.TestMethodWorker.run(TestMethodWorker.java:128)
at java.base/java.util.ArrayList.forEach(ArrayList.java:1511)
at org.testng.TestRunner.privateRun(TestRunner.java:766)
at org.testng.TestRunner.run(TestRunner.java:587)
at org.testng.SuiteRunner.runTest(SuiteRunner.java:384)
at org.testng.SuiteRunner.runSequentially(SuiteRunner.java:378)
at org.testng.SuiteRunner.privateRun(SuiteRunner.java:337)
at org.testng.SuiteRunner.run(SuiteRunner.java:286)
at org.testng.SuiteRunnerWorker.runSuite(SuiteRunnerWorker.java:53)
at org.testng.SuiteRunnerWorker.run(SuiteRunnerWorker.java:96)
at org.testng.TestNG.runSuitesSequentially(TestNG.java:1187)
at org.testng.TestNG.runSuitesLocally(TestNG.java:1109)
at org.testng.TestNG.runSuites(TestNG.java:1039)
at org.testng.TestNG.run(TestNG.java:1007)
at org.apache.maven.surefire.testng.TestNGExecutor.run(TestNGExecutor.java:281)
at org.apache.maven.surefire.testng.TestNGXmlTestSuite.execute(TestNGXmlTestSuite.java:75)
at org.apache.maven.surefire.testng.TestNGProvider.invoke(TestNGProvider.java:121)
at org.apache.maven.surefire.booter.ForkedBooter.invokeProviderInSameClassLoader(ForkedBooter.java:290)
at org.apache.maven.surefire.booter.ForkedBooter.runSuitesInProcess(ForkedBooter.java:242)
at org.apache.maven.surefire.booter.ForkedBooter.main(ForkedBooter.java:121)
]]>
            </full-stacktrace>
          </exception> <!-- java.lang.AssertionError -->
          <reporter-output>
          </reporter-output>
        </test-method> <!-- testMainHeader -->
        <test-method is-config="true" signature="teardown()[pri:0, instance:scripts._03_EtsyTest@44f75083]" started-at="2022-06-11T14:37:00 CDT" name="teardown" finished-at="2022-06-11T14:37:04 CDT" duration-ms="3192" status="PASS">
          <reporter-output>
          </reporter-output>
        </test-method> <!-- teardown -->
      </class> <!-- scripts._03_EtsyTest -->
      <class name="scripts._09_IFrames">
        <test-method is-config="true" signature="setup()[pri:0, instance:scripts._09_IFrames@5f71c76a]" started-at="2022-06-11T14:39:54 CDT" name="setup" finished-at="2022-06-11T14:39:57 CDT" duration-ms="2459" status="PASS">
          <reporter-output>
          </reporter-output>
        </test-method> <!-- setup -->
        <test-method signature="testIFrame1()[pri:1, instance:scripts._09_IFrames@5f71c76a]" started-at="2022-06-11T14:39:57 CDT" name="testIFrame1" finished-at="2022-06-11T14:40:07 CDT" duration-ms="9946" status="PASS">
          <reporter-output>
          </reporter-output>
        </test-method> <!-- testIFrame1 -->
        <test-method is-config="true" signature="teardown()[pri:0, instance:scripts._09_IFrames@5f71c76a]" started-at="2022-06-11T14:40:07 CDT" name="teardown" finished-at="2022-06-11T14:40:10 CDT" duration-ms="3204" status="PASS">
          <reporter-output>
          </reporter-output>
        </test-method> <!-- teardown -->
        <test-method is-config="true" signature="setup()[pri:0, instance:scripts._09_IFrames@5f71c76a]" started-at="2022-06-11T14:40:10 CDT" name="setup" finished-at="2022-06-11T14:40:12 CDT" duration-ms="2222" status="PASS">
          <reporter-output>
          </reporter-output>
        </test-method> <!-- setup -->
        <test-method signature="testIFrame2()[pri:2, instance:scripts._09_IFrames@5f71c76a]" started-at="2022-06-11T14:40:12 CDT" name="testIFrame2" finished-at="2022-06-11T14:40:14 CDT" duration-ms="1979" status="PASS">
          <reporter-output>
          </reporter-output>
        </test-method> <!-- testIFrame2 -->
        <test-method is-config="true" signature="teardown()[pri:0, instance:scripts._09_IFrames@5f71c76a]" started-at="2022-06-11T14:40:14 CDT" name="teardown" finished-at="2022-06-11T14:40:31 CDT" duration-ms="16904" status="PASS">
          <reporter-output>
          </reporter-output>
        </test-method> <!-- teardown -->
      </class> <!-- scripts._09_IFrames -->
      <class name="scripts._11_FileUpload">
        <test-method is-config="true" signature="setup()[pri:0, instance:scripts._11_FileUpload@48a242ce]" started-at="2022-06-11T14:40:46 CDT" name="setup" finished-at="2022-06-11T14:40:48 CDT" duration-ms="2200" status="PASS">
          <reporter-output>
          </reporter-output>
        </test-method> <!-- setup -->
        <test-method signature="testFileUpload1()[pri:1, instance:scripts._11_FileUpload@48a242ce]" started-at="2022-06-11T14:40:48 CDT" name="testFileUpload1" description="File upload" finished-at="2022-06-11T14:40:57 CDT" duration-ms="9299" status="PASS">
          <reporter-output>
          </reporter-output>
        </test-method> <!-- testFileUpload1 -->
        <test-method is-config="true" signature="teardown()[pri:0, instance:scripts._11_FileUpload@48a242ce]" started-at="2022-06-11T14:40:57 CDT" name="teardown" finished-at="2022-06-11T14:41:01 CDT" duration-ms="3193" status="PASS">
          <reporter-output>
          </reporter-output>
        </test-method> <!-- teardown -->
        <test-method is-config="true" signature="setup()[pri:0, instance:scripts._11_FileUpload@48a242ce]" started-at="2022-06-11T14:41:01 CDT" name="setup" finished-at="2022-06-11T14:41:03 CDT" duration-ms="2157" status="PASS">
          <reporter-output>
          </reporter-output>
        </test-method> <!-- setup -->
        <test-method signature="testFileDownload()[pri:2, instance:scripts._11_FileUpload@48a242ce]" started-at="2022-06-11T14:41:03 CDT" name="testFileDownload" description="File download" finished-at="2022-06-11T14:41:06 CDT" duration-ms="3093" status="PASS">
          <reporter-output>
          </reporter-output>
        </test-method> <!-- testFileDownload -->
        <test-method is-config="true" signature="teardown()[pri:0, instance:scripts._11_FileUpload@48a242ce]" started-at="2022-06-11T14:41:06 CDT" name="teardown" finished-at="2022-06-11T14:41:09 CDT" duration-ms="3212" status="PASS">
          <reporter-output>
          </reporter-output>
        </test-method> <!-- teardown -->
      </class> <!-- scripts._11_FileUpload -->
      <class name="scripts._07_DropdownTest">
        <test-method is-config="true" signature="setup()[pri:0, instance:scripts._07_DropdownTest@69379752]" started-at="2022-06-11T14:37:42 CDT" name="setup" finished-at="2022-06-11T14:37:45 CDT" duration-ms="2381" status="PASS">
          <reporter-output>
          </reporter-output>
        </test-method> <!-- setup -->
        <test-method signature="testUnsecurePasswordErrorMessage()[pri:1, instance:scripts._07_DropdownTest@69379752]" started-at="2022-06-11T14:37:45 CDT" name="testUnsecurePasswordErrorMessage" description="TC763: Validate FaceBook sign in error message for password" finished-at="2022-06-11T14:37:52 CDT" duration-ms="7612" status="PASS">
          <reporter-output>
          </reporter-output>
        </test-method> <!-- testUnsecurePasswordErrorMessage -->
        <test-method is-config="true" signature="teardown()[pri:0, instance:scripts._07_DropdownTest@69379752]" started-at="2022-06-11T14:37:52 CDT" name="teardown" finished-at="2022-06-11T14:37:56 CDT" duration-ms="3164" status="PASS">
          <reporter-output>
          </reporter-output>
        </test-method> <!-- teardown -->
        <test-method is-config="true" signature="setup()[pri:0, instance:scripts._07_DropdownTest@69379752]" started-at="2022-06-11T14:37:56 CDT" name="setup" finished-at="2022-06-11T14:37:58 CDT" duration-ms="2333" status="PASS">
          <reporter-output>
          </reporter-output>
        </test-method> <!-- setup -->
        <test-method signature="testExpediaDropdowns()[pri:2, instance:scripts._07_DropdownTest@69379752]" started-at="2022-06-11T14:37:58 CDT" name="testExpediaDropdowns" description="TC578: Validate Expedia dropdowns" finished-at="2022-06-11T14:38:22 CDT" duration-ms="24254" status="FAIL">
          <exception class="org.openqa.selenium.NoSuchElementException">
            <message>
              <![CDATA[no such element: Unable to locate element: {"method":"css selector","selector":"#preferred\-class\-input\-trigger"}
  (Session info: chrome=102.0.5005.115)
For documentation on this error, please visit: https://www.seleniumhq.org/exceptions/no_such_element.html
Build info: version: '3.141.59', revision: 'e82be7d358', time: '2018-11-14T08:17:03'
System info: host: 'Techs-iMac.local.tld', ip: 'fe80:0:0:0:48e:d030:2e46:d3c5%en0', os.name: 'Mac OS X', os.arch: 'x86_64', os.version: '12.3.1', java.version: '18.0.1'
Driver info: org.openqa.selenium.chrome.ChromeDriver
Capabilities {acceptInsecureCerts: false, browserName: chrome, browserVersion: 102.0.5005.115, chrome: {chromedriverVersion: 102.0.5005.61 (0e59bcc00cc4..., userDataDir: /var/folders/26/lc__78p51lg...}, goog:chromeOptions: {debuggerAddress: localhost:62729}, javascriptEnabled: true, networkConnectionEnabled: false, pageLoadStrategy: normal, platform: MAC, platformName: MAC, proxy: Proxy(), setWindowRect: true, strictFileInteractability: false, timeouts: {implicit: 0, pageLoad: 300000, script: 30000}, unhandledPromptBehavior: dismiss and notify, webauthn:extension:credBlob: true, webauthn:extension:largeBlob: true, webauthn:virtualAuthenticators: true}
Session ID: 713997e1de55ea0e95355424adcb73f4
*** Element info: {Using=id, value=preferred-class-input-trigger}]]>
            </message>
            <full-stacktrace>
              <![CDATA[org.openqa.selenium.NoSuchElementException: no such element: Unable to locate element: {"method":"css selector","selector":"#preferred\-class\-input\-trigger"}
  (Session info: chrome=102.0.5005.115)
For documentation on this error, please visit: https://www.seleniumhq.org/exceptions/no_such_element.html
Build info: version: '3.141.59', revision: 'e82be7d358', time: '2018-11-14T08:17:03'
System info: host: 'Techs-iMac.local.tld', ip: 'fe80:0:0:0:48e:d030:2e46:d3c5%en0', os.name: 'Mac OS X', os.arch: 'x86_64', os.version: '12.3.1', java.version: '18.0.1'
Driver info: org.openqa.selenium.chrome.ChromeDriver
Capabilities {acceptInsecureCerts: false, browserName: chrome, browserVersion: 102.0.5005.115, chrome: {chromedriverVersion: 102.0.5005.61 (0e59bcc00cc4..., userDataDir: /var/folders/26/lc__78p51lg...}, goog:chromeOptions: {debuggerAddress: localhost:62729}, javascriptEnabled: true, networkConnectionEnabled: false, pageLoadStrategy: normal, platform: MAC, platformName: MAC, proxy: Proxy(), setWindowRect: true, strictFileInteractability: false, timeouts: {implicit: 0, pageLoad: 300000, script: 30000}, unhandledPromptBehavior: dismiss and notify, webauthn:extension:credBlob: true, webauthn:extension:largeBlob: true, webauthn:virtualAuthenticators: true}
Session ID: 713997e1de55ea0e95355424adcb73f4
*** Element info: {Using=id, value=preferred-class-input-trigger}
at java.base/jdk.internal.reflect.DirectConstructorHandleAccessor.newInstance(DirectConstructorHandleAccessor.java:67)
at java.base/java.lang.reflect.Constructor.newInstanceWithCaller(Constructor.java:499)
at java.base/java.lang.reflect.Constructor.newInstance(Constructor.java:483)
at org.openqa.selenium.remote.http.W3CHttpResponseCodec.createException(W3CHttpResponseCodec.java:187)
at org.openqa.selenium.remote.http.W3CHttpResponseCodec.decode(W3CHttpResponseCodec.java:122)
at org.openqa.selenium.remote.http.W3CHttpResponseCodec.decode(W3CHttpResponseCodec.java:49)
at org.openqa.selenium.remote.HttpCommandExecutor.execute(HttpCommandExecutor.java:158)
at org.openqa.selenium.remote.service.DriverCommandExecutor.execute(DriverCommandExecutor.java:83)
at org.openqa.selenium.remote.RemoteWebDriver.execute(RemoteWebDriver.java:552)
at org.openqa.selenium.remote.RemoteWebDriver.findElement(RemoteWebDriver.java:323)
at org.openqa.selenium.remote.RemoteWebDriver.findElementById(RemoteWebDriver.java:372)
at org.openqa.selenium.By$ById.findElement(By.java:188)
at org.openqa.selenium.remote.RemoteWebDriver.findElement(RemoteWebDriver.java:315)
at org.openqa.selenium.support.pagefactory.DefaultElementLocator.findElement(DefaultElementLocator.java:69)
at org.openqa.selenium.support.pagefactory.internal.LocatingElementHandler.invoke(LocatingElementHandler.java:38)
at jdk.proxy2/jdk.proxy2.$Proxy9.click(Unknown Source)
at scripts._07_DropdownTest.testExpediaDropdowns(_07_DropdownTest.java:82)
at java.base/jdk.internal.reflect.DirectMethodHandleAccessor.invoke(DirectMethodHandleAccessor.java:104)
at java.base/java.lang.reflect.Method.invoke(Method.java:577)
at org.testng.internal.MethodInvocationHelper.invokeMethod(MethodInvocationHelper.java:134)
at org.testng.internal.TestInvoker.invokeMethod(TestInvoker.java:597)
at org.testng.internal.TestInvoker.invokeTestMethod(TestInvoker.java:173)
at org.testng.internal.MethodRunner.runInSequence(MethodRunner.java:46)
at org.testng.internal.TestInvoker$MethodInvocationAgent.invoke(TestInvoker.java:816)
at org.testng.internal.TestInvoker.invokeTestMethods(TestInvoker.java:146)
at org.testng.internal.TestMethodWorker.invokeTestMethods(TestMethodWorker.java:146)
at org.testng.internal.TestMethodWorker.run(TestMethodWorker.java:128)
at java.base/java.util.ArrayList.forEach(ArrayList.java:1511)
at org.testng.TestRunner.privateRun(TestRunner.java:766)
at org.testng.TestRunner.run(TestRunner.java:587)
at org.testng.SuiteRunner.runTest(SuiteRunner.java:384)
at org.testng.SuiteRunner.runSequentially(SuiteRunner.java:378)
at org.testng.SuiteRunner.privateRun(SuiteRunner.java:337)
at org.testng.SuiteRunner.run(SuiteRunner.java:286)
at org.testng.SuiteRunnerWorker.runSuite(SuiteRunnerWorker.java:53)
at org.testng.SuiteRunnerWorker.run(SuiteRunnerWorker.java:96)
at org.testng.TestNG.runSuitesSequentially(TestNG.java:1187)
at org.testng.TestNG.runSuitesLocally(TestNG.java:1109)
at org.testng.TestNG.runSuites(TestNG.java:1039)
at org.testng.TestNG.run(TestNG.java:1007)
at org.apache.maven.surefire.testng.TestNGExecutor.run(TestNGExecutor.java:281)
at org.apache.maven.surefire.testng.TestNGXmlTestSuite.execute(TestNGXmlTestSuite.java:75)
at org.apache.maven.surefire.testng.TestNGProvider.invoke(TestNGProvider.java:121)
at org.apache.maven.surefire.booter.ForkedBooter.invokeProviderInSameClassLoader(ForkedBooter.java:290)
at org.apache.maven.surefire.booter.ForkedBooter.runSuitesInProcess(ForkedBooter.java:242)
at org.apache.maven.surefire.booter.ForkedBooter.main(ForkedBooter.java:121)
]]>
            </full-stacktrace>
          </exception> <!-- org.openqa.selenium.NoSuchElementException -->
          <reporter-output>
          </reporter-output>
        </test-method> <!-- testExpediaDropdowns -->
        <test-method is-config="true" signature="teardown()[pri:0, instance:scripts._07_DropdownTest@69379752]" started-at="2022-06-11T14:38:22 CDT" name="teardown" finished-at="2022-06-11T14:38:26 CDT" duration-ms="3617" status="PASS">
          <reporter-output>
          </reporter-output>
        </test-method> <!-- teardown -->
        <test-method is-config="true" signature="setup()[pri:0, instance:scripts._07_DropdownTest@69379752]" started-at="2022-06-11T14:38:26 CDT" name="setup" finished-at="2022-06-11T14:38:28 CDT" duration-ms="2640" status="PASS">
          <reporter-output>
          </reporter-output>
        </test-method> <!-- setup -->
        <test-method signature="testEbayDropdown()[pri:3, instance:scripts._07_DropdownTest@69379752]" started-at="2022-06-11T14:38:28 CDT" name="testEbayDropdown" description="TC242: Validate Ebay dropdown" finished-at="2022-06-11T14:38:28 CDT" duration-ms="0" status="PASS">
          <reporter-output>
          </reporter-output>
        </test-method> <!-- testEbayDropdown -->
        <test-method is-config="true" signature="teardown()[pri:0, instance:scripts._07_DropdownTest@69379752]" started-at="2022-06-11T14:38:28 CDT" name="teardown" finished-at="2022-06-11T14:38:32 CDT" duration-ms="3161" status="PASS">
          <reporter-output>
          </reporter-output>
        </test-method> <!-- teardown -->
      </class> <!-- scripts._07_DropdownTest -->
      <class name="scripts._08_Alerts">
        <test-method is-config="true" signature="setup()[pri:0, instance:scripts._08_Alerts@27fe3806]" started-at="2022-06-11T14:38:32 CDT" name="setup" finished-at="2022-06-11T14:38:34 CDT" duration-ms="2416" status="PASS">
          <reporter-output>
          </reporter-output>
        </test-method> <!-- setup -->
        <test-method signature="testEtsySignInModal()[pri:1, instance:scripts._08_Alerts@27fe3806]" started-at="2022-06-11T14:38:34 CDT" name="testEtsySignInModal" description="TASK-1 - Regular HTML Alert" finished-at="2022-06-11T14:38:39 CDT" duration-ms="4843" status="PASS">
          <reporter-output>
          </reporter-output>
        </test-method> <!-- testEtsySignInModal -->
        <test-method is-config="true" signature="teardown()[pri:0, instance:scripts._08_Alerts@27fe3806]" started-at="2022-06-11T14:38:39 CDT" name="teardown" finished-at="2022-06-11T14:38:42 CDT" duration-ms="3292" status="PASS">
          <reporter-output>
          </reporter-output>
        </test-method> <!-- teardown -->
        <test-method is-config="true" signature="setup()[pri:0, instance:scripts._08_Alerts@27fe3806]" started-at="2022-06-11T14:38:42 CDT" name="setup" finished-at="2022-06-11T14:38:44 CDT" duration-ms="2300" status="PASS">
          <reporter-output>
          </reporter-output>
        </test-method> <!-- setup -->
        <test-method signature="testInformationWarningAlert()[pri:2, instance:scripts._08_Alerts@27fe3806]" started-at="2022-06-11T14:38:44 CDT" name="testInformationWarningAlert" description="TASK-2 - Information-Warning alert" finished-at="2022-06-11T14:38:46 CDT" duration-ms="1720" status="PASS">
          <reporter-output>
          </reporter-output>
        </test-method> <!-- testInformationWarningAlert -->
        <test-method is-config="true" signature="teardown()[pri:0, instance:scripts._08_Alerts@27fe3806]" started-at="2022-06-11T14:38:46 CDT" name="teardown" finished-at="2022-06-11T14:38:49 CDT" duration-ms="3134" status="PASS">
          <reporter-output>
          </reporter-output>
        </test-method> <!-- teardown -->
        <test-method is-config="true" signature="setup()[pri:0, instance:scripts._08_Alerts@27fe3806]" started-at="2022-06-11T14:38:49 CDT" name="setup" finished-at="2022-06-11T14:38:52 CDT" duration-ms="2386" status="PASS">
          <reporter-output>
          </reporter-output>
        </test-method> <!-- setup -->
        <test-method signature="testConfirmationAlert()[pri:3, instance:scripts._08_Alerts@27fe3806]" started-at="2022-06-11T14:38:52 CDT" name="testConfirmationAlert" description=" TASK-3 Confirmation Alert" finished-at="2022-06-11T14:39:08 CDT" duration-ms="16591" status="PASS">
          <reporter-output>
          </reporter-output>
        </test-method> <!-- testConfirmationAlert -->
        <test-method is-config="true" signature="teardown()[pri:0, instance:scripts._08_Alerts@27fe3806]" started-at="2022-06-11T14:39:08 CDT" name="teardown" finished-at="2022-06-11T14:39:11 CDT" duration-ms="3142" status="PASS">
          <reporter-output>
          </reporter-output>
        </test-method> <!-- teardown -->
        <test-method is-config="true" signature="setup()[pri:0, instance:scripts._08_Alerts@27fe3806]" started-at="2022-06-11T14:39:11 CDT" name="setup" finished-at="2022-06-11T14:39:14 CDT" duration-ms="2272" status="PASS">
          <reporter-output>
          </reporter-output>
        </test-method> <!-- setup -->
        <test-method signature="testPromptAlert()[pri:4, instance:scripts._08_Alerts@27fe3806]" started-at="2022-06-11T14:39:14 CDT" name="testPromptAlert" description="TASK-4 Prompt Alert" finished-at="2022-06-11T14:39:29 CDT" duration-ms="15271" status="PASS">
          <reporter-output>
          </reporter-output>
        </test-method> <!-- testPromptAlert -->
        <test-method is-config="true" signature="teardown()[pri:0, instance:scripts._08_Alerts@27fe3806]" started-at="2022-06-11T14:39:29 CDT" name="teardown" finished-at="2022-06-11T14:39:32 CDT" duration-ms="3145" status="PASS">
          <reporter-output>
          </reporter-output>
        </test-method> <!-- teardown -->
        <test-method is-config="true" signature="setup()[pri:0, instance:scripts._08_Alerts@27fe3806]" started-at="2022-06-11T14:39:32 CDT" name="setup" finished-at="2022-06-11T14:39:34 CDT" duration-ms="2210" status="PASS">
          <reporter-output>
          </reporter-output>
        </test-method> <!-- setup -->
        <test-method signature="testAmazonAddressModal()[pri:5, instance:scripts._08_Alerts@27fe3806]" started-at="2022-06-11T14:39:34 CDT" name="testAmazonAddressModal" description="TASK-5 - Amazon Address Modal" finished-at="2022-06-11T14:39:51 CDT" duration-ms="16611" status="PASS">
          <reporter-output>
          </reporter-output>
        </test-method> <!-- testAmazonAddressModal -->
        <test-method is-config="true" signature="teardown()[pri:0, instance:scripts._08_Alerts@27fe3806]" started-at="2022-06-11T14:39:51 CDT" name="teardown" finished-at="2022-06-11T14:39:54 CDT" duration-ms="3266" status="PASS">
          <reporter-output>
          </reporter-output>
        </test-method> <!-- teardown -->
      </class> <!-- scripts._08_Alerts -->
      <class name="scripts._01_AppleTest">
        <test-method is-config="true" signature="setup()[pri:0, instance:scripts._01_AppleTest@6366ebe0]" started-at="2022-06-11T14:36:43 CDT" name="setup" finished-at="2022-06-11T14:36:49 CDT" duration-ms="5827" status="PASS">
          <reporter-output>
          </reporter-output>
        </test-method> <!-- setup -->
        <test-method signature="testAppleURL()[pri:2, instance:scripts._01_AppleTest@6366ebe0]" started-at="2022-06-11T14:36:49 CDT" name="testAppleURL" description="TC873" finished-at="2022-06-11T14:36:51 CDT" duration-ms="2626" status="PASS">
          <reporter-output>
          </reporter-output>
        </test-method> <!-- testAppleURL -->
        <test-method is-config="true" signature="teardown()[pri:0, instance:scripts._01_AppleTest@6366ebe0]" started-at="2022-06-11T14:36:51 CDT" name="teardown" finished-at="2022-06-11T14:36:55 CDT" duration-ms="3195" status="PASS">
          <reporter-output>
          </reporter-output>
        </test-method> <!-- teardown -->
      </class> <!-- scripts._01_AppleTest -->
      <class name="scripts._06_RadioButtonTest">
        <test-method is-config="true" signature="setup()[pri:0, instance:scripts._06_RadioButtonTest@17baae6e]" started-at="2022-06-11T14:37:27 CDT" name="setup" finished-at="2022-06-11T14:37:29 CDT" duration-ms="2498" status="PASS">
          <reporter-output>
          </reporter-output>
        </test-method> <!-- setup -->
        <test-method signature="testFacebookGenderRadioButtons()[pri:1, instance:scripts._06_RadioButtonTest@17baae6e]" started-at="2022-06-11T14:37:29 CDT" name="testFacebookGenderRadioButtons" description="TC234: Validate Facebook gender radio buttons" finished-at="2022-06-11T14:37:39 CDT" duration-ms="9808" status="PASS">
          <reporter-output>
          </reporter-output>
        </test-method> <!-- testFacebookGenderRadioButtons -->
        <test-method is-config="true" signature="teardown()[pri:0, instance:scripts._06_RadioButtonTest@17baae6e]" started-at="2022-06-11T14:37:39 CDT" name="teardown" finished-at="2022-06-11T14:37:42 CDT" duration-ms="3185" status="PASS">
          <reporter-output>
          </reporter-output>
        </test-method> <!-- teardown -->
      </class> <!-- scripts._06_RadioButtonTest -->
      <class name="scripts._04_GoogleSearchTest">
        <test-method is-config="true" signature="setup()[pri:0, instance:scripts._04_GoogleSearchTest@2698dc7]" started-at="2022-06-11T14:37:04 CDT" name="setup" finished-at="2022-06-11T14:37:05 CDT" duration-ms="1956" status="PASS">
          <reporter-output>
          </reporter-output>
        </test-method> <!-- setup -->
        <test-method signature="testGoogleStoreLink()[pri:2, instance:scripts._04_GoogleSearchTest@2698dc7]" started-at="2022-06-11T14:37:05 CDT" name="testGoogleStoreLink" description="TC123: Validate Google Store link" finished-at="2022-06-11T14:37:09 CDT" duration-ms="3414" status="PASS">
          <reporter-output>
          </reporter-output>
        </test-method> <!-- testGoogleStoreLink -->
        <test-method is-config="true" signature="teardown()[pri:0, instance:scripts._04_GoogleSearchTest@2698dc7]" started-at="2022-06-11T14:37:09 CDT" name="teardown" finished-at="2022-06-11T14:37:12 CDT" duration-ms="3186" status="PASS">
          <reporter-output>
          </reporter-output>
        </test-method> <!-- teardown -->
      </class> <!-- scripts._04_GoogleSearchTest -->
      <class name="scripts._10_WindowHandles">
        <test-method is-config="true" signature="setup()[pri:0, instance:scripts._10_WindowHandles@1d7acb34]" started-at="2022-06-11T14:40:31 CDT" name="setup" finished-at="2022-06-11T14:40:33 CDT" duration-ms="2270" status="PASS">
          <reporter-output>
          </reporter-output>
        </test-method> <!-- setup -->
        <test-method signature="testTechGlobalSchoolFaceBookIcon()[pri:1, instance:scripts._10_WindowHandles@1d7acb34]" started-at="2022-06-11T14:40:33 CDT" name="testTechGlobalSchoolFaceBookIcon" description=" TEST CASE 1: Validate FaceBook social media icon for TechGlobal School" finished-at="2022-06-11T14:40:36 CDT" duration-ms="2494" status="PASS">
          <reporter-output>
          </reporter-output>
        </test-method> <!-- testTechGlobalSchoolFaceBookIcon -->
        <test-method is-config="true" signature="teardown()[pri:0, instance:scripts._10_WindowHandles@1d7acb34]" started-at="2022-06-11T14:40:36 CDT" name="teardown" finished-at="2022-06-11T14:40:39 CDT" duration-ms="3256" status="PASS">
          <reporter-output>
          </reporter-output>
        </test-method> <!-- teardown -->
        <test-method is-config="true" signature="setup()[pri:0, instance:scripts._10_WindowHandles@1d7acb34]" started-at="2022-06-11T14:40:39 CDT" name="setup" finished-at="2022-06-11T14:40:41 CDT" duration-ms="2389" status="PASS">
          <reporter-output>
          </reporter-output>
        </test-method> <!-- setup -->
        <test-method signature="testWindowHandle2()[pri:2, instance:scripts._10_WindowHandles@1d7acb34]" started-at="2022-06-11T14:40:41 CDT" name="testWindowHandle2" description="TEST CASE 2: Multiple Windows" finished-at="2022-06-11T14:40:43 CDT" duration-ms="1456" status="PASS">
          <reporter-output>
          </reporter-output>
        </test-method> <!-- testWindowHandle2 -->
        <test-method is-config="true" signature="teardown()[pri:0, instance:scripts._10_WindowHandles@1d7acb34]" started-at="2022-06-11T14:40:43 CDT" name="teardown" finished-at="2022-06-11T14:40:46 CDT" duration-ms="3183" status="PASS">
          <reporter-output>
          </reporter-output>
        </test-method> <!-- teardown -->
      </class> <!-- scripts._10_WindowHandles -->
      <class name="scripts._12_Actions_Class">
        <test-method is-config="true" signature="setup()[pri:0, instance:scripts._12_Actions_Class@1e4a7dd4]" started-at="2022-06-11T14:41:09 CDT" name="setup" finished-at="2022-06-11T14:41:11 CDT" duration-ms="1986" status="PASS">
          <reporter-output>
          </reporter-output>
        </test-method> <!-- setup -->
        <test-method signature="moveToElementPractice1()[pri:1, instance:scripts._12_Actions_Class@1e4a7dd4]" started-at="2022-06-11T14:41:11 CDT" name="moveToElementPractice1" description="Actions | move to element 1" finished-at="2022-06-11T14:41:16 CDT" duration-ms="5144" status="PASS">
          <reporter-output>
          </reporter-output>
        </test-method> <!-- moveToElementPractice1 -->
        <test-method is-config="true" signature="teardown()[pri:0, instance:scripts._12_Actions_Class@1e4a7dd4]" started-at="2022-06-11T14:41:16 CDT" name="teardown" finished-at="2022-06-11T14:41:19 CDT" duration-ms="3266" status="PASS">
          <reporter-output>
          </reporter-output>
        </test-method> <!-- teardown -->
        <test-method is-config="true" signature="setup()[pri:0, instance:scripts._12_Actions_Class@1e4a7dd4]" started-at="2022-06-11T14:41:19 CDT" name="setup" finished-at="2022-06-11T14:41:22 CDT" duration-ms="2388" status="PASS">
          <reporter-output>
          </reporter-output>
        </test-method> <!-- setup -->
        <test-method signature="moveToElementPractice2()[pri:2, instance:scripts._12_Actions_Class@1e4a7dd4]" started-at="2022-06-11T14:41:22 CDT" name="moveToElementPractice2" description="Actions | move to element 1" finished-at="2022-06-11T14:41:35 CDT" duration-ms="13143" status="PASS">
          <reporter-output>
          </reporter-output>
        </test-method> <!-- moveToElementPractice2 -->
        <test-method is-config="true" signature="teardown()[pri:0, instance:scripts._12_Actions_Class@1e4a7dd4]" started-at="2022-06-11T14:41:35 CDT" name="teardown" finished-at="2022-06-11T14:41:38 CDT" duration-ms="3369" status="PASS">
          <reporter-output>
          </reporter-output>
        </test-method> <!-- teardown -->
        <test-method is-config="true" signature="setup()[pri:0, instance:scripts._12_Actions_Class@1e4a7dd4]" started-at="2022-06-11T14:41:38 CDT" name="setup" finished-at="2022-06-11T14:41:41 CDT" duration-ms="2237" status="PASS">
          <reporter-output>
          </reporter-output>
        </test-method> <!-- setup -->
        <test-method signature="clickOnElementPractice()[pri:3, instance:scripts._12_Actions_Class@1e4a7dd4]" started-at="2022-06-11T14:41:41 CDT" name="clickOnElementPractice" description="Actions | Click" finished-at="2022-06-11T14:41:44 CDT" duration-ms="3546" status="PASS">
          <reporter-output>
          </reporter-output>
        </test-method> <!-- clickOnElementPractice -->
        <test-method is-config="true" signature="teardown()[pri:0, instance:scripts._12_Actions_Class@1e4a7dd4]" started-at="2022-06-11T14:41:44 CDT" name="teardown" finished-at="2022-06-11T14:41:47 CDT" duration-ms="3253" status="PASS">
          <reporter-output>
          </reporter-output>
        </test-method> <!-- teardown -->
        <test-method is-config="true" signature="setup()[pri:0, instance:scripts._12_Actions_Class@1e4a7dd4]" started-at="2022-06-11T14:41:47 CDT" name="setup" finished-at="2022-06-11T14:41:49 CDT" duration-ms="1873" status="PASS">
          <reporter-output>
          </reporter-output>
        </test-method> <!-- setup -->
        <test-method signature="rightClickPractice()[pri:4, instance:scripts._12_Actions_Class@1e4a7dd4]" started-at="2022-06-11T14:41:49 CDT" name="rightClickPractice" description="Actions | Right click" finished-at="2022-06-11T14:41:51 CDT" duration-ms="1502" status="PASS">
          <reporter-output>
          </reporter-output>
        </test-method> <!-- rightClickPractice -->
        <test-method is-config="true" signature="teardown()[pri:0, instance:scripts._12_Actions_Class@1e4a7dd4]" started-at="2022-06-11T14:41:51 CDT" name="teardown" finished-at="2022-06-11T14:41:54 CDT" duration-ms="3240" status="PASS">
          <reporter-output>
          </reporter-output>
        </test-method> <!-- teardown -->
        <test-method is-config="true" signature="setup()[pri:0, instance:scripts._12_Actions_Class@1e4a7dd4]" started-at="2022-06-11T14:41:54 CDT" name="setup" finished-at="2022-06-11T14:41:56 CDT" duration-ms="2008" status="PASS">
          <reporter-output>
          </reporter-output>
        </test-method> <!-- setup -->
        <test-method signature="clickHoldAndReleasePractice()[pri:5, instance:scripts._12_Actions_Class@1e4a7dd4]" started-at="2022-06-11T14:41:56 CDT" name="clickHoldAndReleasePractice" description="Actions | Click - hold and release | Drag and drop" finished-at="2022-06-11T14:41:59 CDT" duration-ms="2782" status="PASS">
          <reporter-output>
          </reporter-output>
        </test-method> <!-- clickHoldAndReleasePractice -->
        <test-method is-config="true" signature="teardown()[pri:0, instance:scripts._12_Actions_Class@1e4a7dd4]" started-at="2022-06-11T14:41:59 CDT" name="teardown" finished-at="2022-06-11T14:42:02 CDT" duration-ms="3231" status="PASS">
          <reporter-output>
          </reporter-output>
        </test-method> <!-- teardown -->
        <test-method is-config="true" signature="setup()[pri:0, instance:scripts._12_Actions_Class@1e4a7dd4]" started-at="2022-06-11T14:42:02 CDT" name="setup" finished-at="2022-06-11T14:42:04 CDT" duration-ms="2051" status="PASS">
          <reporter-output>
          </reporter-output>
        </test-method> <!-- setup -->
        <test-method signature="sendKeysToAnElement()[pri:6, instance:scripts._12_Actions_Class@1e4a7dd4]" started-at="2022-06-11T14:42:04 CDT" name="sendKeysToAnElement" description="Actions class | send keys to an element" finished-at="2022-06-11T14:42:05 CDT" duration-ms="1334" status="PASS">
          <reporter-output>
          </reporter-output>
        </test-method> <!-- sendKeysToAnElement -->
        <test-method is-config="true" signature="teardown()[pri:0, instance:scripts._12_Actions_Class@1e4a7dd4]" started-at="2022-06-11T14:42:05 CDT" name="teardown" finished-at="2022-06-11T14:42:09 CDT" duration-ms="3210" status="PASS">
          <reporter-output>
          </reporter-output>
        </test-method> <!-- teardown -->
        <test-method is-config="true" signature="setup()[pri:0, instance:scripts._12_Actions_Class@1e4a7dd4]" started-at="2022-06-11T14:42:09 CDT" name="setup" finished-at="2022-06-11T14:42:11 CDT" duration-ms="2179" status="PASS">
          <reporter-output>
          </reporter-output>
        </test-method> <!-- setup -->
        <test-method signature="practiceKeyDownAndKeyUp()[pri:7, instance:scripts._12_Actions_Class@1e4a7dd4]" started-at="2022-06-11T14:42:11 CDT" name="practiceKeyDownAndKeyUp" description="Actions | key down and key up" finished-at="2022-06-11T14:42:20 CDT" duration-ms="9479" status="PASS">
          <reporter-output>
          </reporter-output>
        </test-method> <!-- practiceKeyDownAndKeyUp -->
        <test-method is-config="true" signature="teardown()[pri:0, instance:scripts._12_Actions_Class@1e4a7dd4]" started-at="2022-06-11T14:42:20 CDT" name="teardown" finished-at="2022-06-11T14:42:23 CDT" duration-ms="3208" status="PASS">
          <reporter-output>
          </reporter-output>
        </test-method> <!-- teardown -->
      </class> <!-- scripts._12_Actions_Class -->
      <class name="scripts._05_CheckBoxTest">
        <test-method is-config="true" signature="setup()[pri:0, instance:scripts._05_CheckBoxTest@43d7741f]" started-at="2022-06-11T14:37:12 CDT" name="setup" finished-at="2022-06-11T14:37:15 CDT" duration-ms="2436" status="PASS">
          <reporter-output>
          </reporter-output>
        </test-method> <!-- setup -->
        <test-method signature="testCheckBoxInHeroApp()[pri:1, instance:scripts._05_CheckBoxTest@43d7741f]" started-at="2022-06-11T14:37:15 CDT" name="testCheckBoxInHeroApp" description="TC001: Validate checkbox in hero app" finished-at="2022-06-11T14:37:24 CDT" duration-ms="9208" status="PASS">
          <reporter-output>
          </reporter-output>
        </test-method> <!-- testCheckBoxInHeroApp -->
        <test-method is-config="true" signature="teardown()[pri:0, instance:scripts._05_CheckBoxTest@43d7741f]" started-at="2022-06-11T14:37:24 CDT" name="teardown" finished-at="2022-06-11T14:37:27 CDT" duration-ms="3141" status="PASS">
          <reporter-output>
          </reporter-output>
        </test-method> <!-- teardown -->
      </class> <!-- scripts._05_CheckBoxTest -->
    </test> <!-- All Functionalities -->
  </suite> <!-- Regression -->
</testng-results>
